#
# There is insufficient memory for the Java Runtime Environment to continue.
# Native memory allocation (malloc) failed to allocate 1816656 bytes for Chunk::new
# Possible reasons:
#   The system is out of physical RAM or swap space
#   In 32 bit mode, the process size limit was hit
# Possible solutions:
#   Reduce memory load on the system
#   Increase physical memory or swap space
#   Check if swap backing store is full
#   Use 64 bit Java on a 64 bit OS
#   Decrease Java heap size (-Xmx/-Xms)
#   Decrease number of Java threads
#   Decrease Java thread stack sizes (-Xss)
#   Set larger code cache with -XX:ReservedCodeCacheSize=
# This output file may be truncated or incomplete.
#
#  Out of Memory Error (allocation.cpp:390), pid=14992, tid=15964
#
# JRE version: Java(TM) SE Runtime Environment (8.0_51-b16) (build 1.8.0_51-b16)
# Java VM: Java HotSpot(TM) 64-Bit Server VM (25.51-b03 mixed mode windows-amd64 compressed oops)
# Failed to write core dump. Minidumps are not enabled by default on client versions of Windows
#

---------------  T H R E A D  ---------------

Current thread (0x0000000006951800):  JavaThread "C2 CompilerThread1" daemon [_thread_in_native, id=15964, stack(0x0000000008070000,0x0000000008170000)]

Stack: [0x0000000008070000,0x0000000008170000]
Native frames: (J=compiled Java code, j=interpreted, Vv=VM code, C=native code)
V  [jvm.dll+0x32b4ca]


Current CompileTask:
C2:   8189 1405   !   4       com.android.dx.cf.code.BytecodeArray::parseInstruction (2764 bytes)


---------------  P R O C E S S  ---------------

Java Threads: ( => current thread )
  0x00000000069ae000 JavaThread "Service Thread" daemon [_thread_blocked, id=10320, stack(0x0000000008670000,0x0000000008770000)]
  0x00000000069a7800 JavaThread "C1 CompilerThread2" daemon [_thread_blocked, id=14696, stack(0x0000000008170000,0x0000000008270000)]
=>0x0000000006951800 JavaThread "C2 CompilerThread1" daemon [_thread_in_native, id=15964, stack(0x0000000008070000,0x0000000008170000)]
  0x000000000694f000 JavaThread "C2 CompilerThread0" daemon [_thread_in_native, id=15032, stack(0x0000000007f70000,0x0000000008070000)]
  0x000000000694c800 JavaThread "Attach Listener" daemon [_thread_blocked, id=12544, stack(0x0000000007e70000,0x0000000007f70000)]
  0x000000000694b000 JavaThread "Signal Dispatcher" daemon [_thread_blocked, id=15356, stack(0x0000000007d70000,0x0000000007e70000)]
  0x0000000003246800 JavaThread "Finalizer" daemon [_thread_blocked, id=11664, stack(0x0000000007ba0000,0x0000000007ca0000)]
  0x000000000323d800 JavaThread "Reference Handler" daemon [_thread_blocked, id=13268, stack(0x0000000007aa0000,0x0000000007ba0000)]
  0x00000000018dd800 JavaThread "main" [_thread_in_native, id=4764, stack(0x0000000003030000,0x0000000003130000)]

Other Threads:
  0x0000000006918800 VMThread [stack: 0x00000000079a0000,0x0000000007aa0000] [id=9904]
  0x00000000082a2000 WatcherThread [stack: 0x0000000008770000,0x0000000008870000] [id=16288]

VM state:not at safepoint (normal execution)

VM Mutex/Monitor currently owned by a thread: None

Heap:
 PSYoungGen      total 35328K, used 6398K [0x00000000eab00000, 0x00000000ed000000, 0x0000000100000000)
  eden space 32768K, 11% used [0x00000000eab00000,0x00000000eaec3748,0x00000000ecb00000)
  from space 2560K, 99% used [0x00000000ecd80000,0x00000000ecffc2e8,0x00000000ed000000)
  to   space 2560K, 0% used [0x00000000ecb00000,0x00000000ecb00000,0x00000000ecd80000)
 ParOldGen       total 44032K, used 8693K [0x00000000c0000000, 0x00000000c2b00000, 0x00000000eab00000)
  object space 44032K, 19% used [0x00000000c0000000,0x00000000c087d540,0x00000000c2b00000)
 Metaspace       used 6314K, capacity 7248K, committed 7424K, reserved 1056768K
  class space    used 616K, capacity 648K, committed 768K, reserved 1048576K

Card table byte_map: [0x0000000003620000,0x0000000003830000] byte_map_base: 0x0000000003020000

Marking Bits: (ParMarkBitMap*) 0x000000005dfd4040
 Begin Bits: [0x0000000003d90000, 0x0000000004d90000)
 End Bits:   [0x0000000004d90000, 0x0000000005d90000)

Polling page: 0x0000000003130000

CodeCache: size=245760Kb used=6178Kb max_used=6188Kb free=239581Kb
 bounds [0x000000000f010000, 0x000000000f620000, 0x000000001e010000]
 total_blobs=1766 nmethods=1494 adapters=183
 compilation: enabled

Compilation events (10 events):
Event: 6.493 Thread 0x00000000069a7800 nmethod 1413 0x000000000f5accd0 code [0x000000000f5acf20, 0x000000000f5ada78]
Event: 6.493 Thread 0x00000000069a7800 1414       3       com.android.dx.cf.code.BytecodeArray::size (8 bytes)
Event: 6.493 Thread 0x00000000069a7800 nmethod 1414 0x000000000f5ae150 code [0x000000000f5ae2a0, 0x000000000f5ae490]
Event: 6.493 Thread 0x00000000069a7800 1411       3       com.android.dx.cf.code.Ropper::addSynchExceptionHandlerBlock (206 bytes)
Event: 6.497 Thread 0x00000000069a7800 nmethod 1411 0x000000000f5ae550 code [0x000000000f5aeae0, 0x000000000f5b2818]
Event: 6.545 Thread 0x0000000006951800 nmethod 1358 0x000000000f5ba9d0 code [0x000000000f5bace0, 0x000000000f5bcf30]
Event: 6.546 Thread 0x0000000006951800 1405   !   4       com.android.dx.cf.code.BytecodeArray::parseInstruction (2764 bytes)
Event: 6.672 Thread 0x000000000694f000 nmethod 1395 0x000000000f5c5050 code [0x000000000f5c54a0, 0x000000000f5c8b40]
Event: 6.673 Thread 0x000000000694f000 1289       4       com.android.dx.rop.code.LocalItem::compareTo (32 bytes)
Event: 6.675 Thread 0x000000000694f000 nmethod 1289 0x000000000f5c1a50 code [0x000000000f5c1ba0, 0x000000000f5c1e78]

GC Heap History (4 events):
Event: 5.475 GC heap before
{Heap before GC invocations=1 (full 0):
 PSYoungGen      total 18944K, used 16384K [0x00000000eab00000, 0x00000000ec000000, 0x0000000100000000)
  eden space 16384K, 100% used [0x00000000eab00000,0x00000000ebb00000,0x00000000ebb00000)
  from space 2560K, 0% used [0x00000000ebd80000,0x00000000ebd80000,0x00000000ec000000)
  to   space 2560K, 0% used [0x00000000ebb00000,0x00000000ebb00000,0x00000000ebd80000)
 ParOldGen       total 44032K, used 0K [0x00000000c0000000, 0x00000000c2b00000, 0x00000000eab00000)
  object space 44032K, 0% used [0x00000000c0000000,0x00000000c0000000,0x00000000c2b00000)
 Metaspace       used 5759K, capacity 6768K, committed 7040K, reserved 1056768K
  class space    used 588K, capacity 616K, committed 640K, reserved 1048576K
Event: 5.490 GC heap after
Heap after GC invocations=1 (full 0):
 PSYoungGen      total 18944K, used 2535K [0x00000000eab00000, 0x00000000ec000000, 0x0000000100000000)
  eden space 16384K, 0% used [0x00000000eab00000,0x00000000eab00000,0x00000000ebb00000)
  from space 2560K, 99% used [0x00000000ebb00000,0x00000000ebd79c70,0x00000000ebd80000)
  to   space 2560K, 0% used [0x00000000ebd80000,0x00000000ebd80000,0x00000000ec000000)
 ParOldGen       total 44032K, used 1736K [0x00000000c0000000, 0x00000000c2b00000, 0x00000000eab00000)
  object space 44032K, 3% used [0x00000000c0000000,0x00000000c01b2108,0x00000000c2b00000)
 Metaspace       used 5759K, capacity 6768K, committed 7040K, reserved 1056768K
  class space    used 588K, capacity 616K, committed 640K, reserved 1048576K
}
Event: 6.203 GC heap before
{Heap before GC invocations=2 (full 0):
 PSYoungGen      total 18944K, used 18919K [0x00000000eab00000, 0x00000000ec000000, 0x0000000100000000)
  eden space 16384K, 100% used [0x00000000eab00000,0x00000000ebb00000,0x00000000ebb00000)
  from space 2560K, 99% used [0x00000000ebb00000,0x00000000ebd79c70,0x00000000ebd80000)
  to   space 2560K, 0% used [0x00000000ebd80000,0x00000000ebd80000,0x00000000ec000000)
 ParOldGen       total 44032K, used 1736K [0x00000000c0000000, 0x00000000c2b00000, 0x00000000eab00000)
  object space 44032K, 3% used [0x00000000c0000000,0x00000000c01b2108,0x00000000c2b00000)
 Metaspace       used 5956K, capacity 6960K, committed 7040K, reserved 1056768K
  class space    used 590K, capacity 616K, committed 640K, reserved 1048576K
Event: 6.326 GC heap after
Heap after GC invocations=2 (full 0):
 PSYoungGen      total 18944K, used 2528K [0x00000000eab00000, 0x00000000ed000000, 0x0000000100000000)
  eden space 16384K, 0% used [0x00000000eab00000,0x00000000eab00000,0x00000000ebb00000)
  from space 2560K, 98% used [0x00000000ebd80000,0x00000000ebff8010,0x00000000ec000000)
  to   space 2560K, 0% used [0x00000000ebb00000,0x00000000ebb00000,0x00000000ebd80000)
 ParOldGen       total 44032K, used 3864K [0x00000000c0000000, 0x00000000c2b00000, 0x00000000eab00000)
  object space 44032K, 8% used [0x00000000c0000000,0x00000000c03c63a8,0x00000000c2b00000)
 Metaspace       used 5956K, capacity 6960K, committed 7040K, reserved 1056768K
  class space    used 590K, capacity 616K, committed 640K, reserved 1048576K
}

Deoptimization events (9 events):
Event: 5.124 Thread 0x00000000084d3800 Uncommon trap: reason=unstable_if action=reinterpret pc=0x000000000f23967c method=java.util.HashMap.getNode(ILjava/lang/Object;)Ljava/util/HashMap$Node; @ 62
Event: 5.288 Thread 0x00000000084d3800 Uncommon trap: reason=unstable_if action=reinterpret pc=0x000000000f25cff0 method=java.util.BitSet.nextSetBit(I)I @ 87
Event: 5.607 Thread 0x00000000083c6000 Uncommon trap: reason=unstable_if action=reinterpret pc=0x000000000f28b384 method=java.util.HashMap.getNode(ILjava/lang/Object;)Ljava/util/HashMap$Node; @ 62
Event: 5.622 Thread 0x00000000084d3800 Uncommon trap: reason=null_check action=make_not_entrant pc=0x000000000f38b500 method=com.android.dx.ssa.SsaRenamer.getLocalForNewReg(I)Lcom/android/dx/rop/code/LocalItem; @ 19
Event: 6.049 Thread 0x00000000084c5800 Uncommon trap: reason=unstable_if action=reinterpret pc=0x000000000f45dffc method=com.android.dx.util.IntList.binarysearch(I)I @ 105
Event: 6.409 Thread 0x00000000018dd800 Uncommon trap: reason=class_check action=maybe_recompile pc=0x000000000f517190 method=com.android.dx.cf.code.BytecodeArray.parseInstruction(ILcom/android/dx/cf/code/BytecodeArray$Visitor;)I @ 2253
Event: 6.409 Thread 0x00000000018dd800 Uncommon trap: reason=class_check action=maybe_recompile pc=0x000000000f5169d8 method=com.android.dx.cf.code.BytecodeArray.parseInstruction(ILcom/android/dx/cf/code/BytecodeArray$Visitor;)I @ 2167
Event: 6.411 Thread 0x00000000018dd800 Uncommon trap: reason=class_check action=maybe_recompile pc=0x000000000f517190 method=com.android.dx.cf.code.BytecodeArray.parseInstruction(ILcom/android/dx/cf/code/BytecodeArray$Visitor;)I @ 2253
Event: 6.411 Thread 0x00000000018dd800 Uncommon trap: reason=class_check action=maybe_recompile pc=0x000000000f5169d8 method=com.android.dx.cf.code.BytecodeArray.parseInstruction(ILcom/android/dx/cf/code/BytecodeArray$Visitor;)I @ 2167

Internal exceptions (3 events):
Event: 0.189 Thread 0x00000000018dd800 Exception <a 'java/lang/NoSuchMethodError': Method sun.misc.Unsafe.defineClass(Ljava/lang/String;[BII)Ljava/lang/Class; name or signature does not match> (0x00000000eab0d7c0) thrown at [C:\re\workspace\8-2-build-windows-amd64-cygwin\jdk8u51\3951\hotspot\sržD‰ˆ&.È?
Event: 0.189 Thread 0x00000000018dd800 Exception <a 'java/lang/NoSuchMethodError': Method sun.misc.Unsafe.prefetchRead(Ljava/lang/Object;J)V name or signature does not match> (0x00000000eab0da50) thrown at [C:\re\workspace\8-2-build-windows-amd64-cygwin\jdk8u51\3951\hotspot\src\share\vm\prims\jêÃ,<~|@
Event: 5.622 Thread 0x00000000084d3800 Implicit null exception at 0x000000000f389091 to 0x000000000f38b4b5

Events (10 events):
Event: 6.409 Thread 0x00000000018dd800 DEOPT PACKING pc=0x000000000f5169d8 sp=0x000000000312e420
Event: 6.409 Thread 0x00000000018dd800 DEOPT UNPACKING pc=0x000000000f05582a sp=0x000000000312e398 mode 2
Event: 6.411 Thread 0x00000000018dd800 Uncommon trap: trap_request=0xffffffde fr.pc=0x000000000f517190
Event: 6.411 Thread 0x00000000018dd800 DEOPT PACKING pc=0x000000000f517190 sp=0x000000000312e420
Event: 6.411 Thread 0x00000000018dd800 DEOPT UNPACKING pc=0x000000000f05582a sp=0x000000000312e398 mode 2
Event: 6.411 Thread 0x00000000018dd800 Uncommon trap: trap_request=0xffffffde fr.pc=0x000000000f5169d8
Event: 6.411 Thread 0x00000000018dd800 DEOPT PACKING pc=0x000000000f5169d8 sp=0x000000000312e420
Event: 6.411 Thread 0x00000000018dd800 DEOPT UNPACKING pc=0x000000000f05582a sp=0x000000000312e398 mode 2
Event: 6.478 Thread 0x00000000083d6000 DEOPT PACKING pc=0x000000000f329813 sp=0x0000000008b6ed80
Event: 6.478 Thread 0x00000000083d6000 DEOPT UNPACKING pc=0x000000000f05787f sp=0x0000000008b6eb48 mode 0


Dynamic libraries:
0x00007ff67fe50000 - 0x00007ff67fe87000 	C:\Program Files\Java\jdk1.8.0_51\bin\java.exe
0x00007ffa1aff0000 - 0x00007ffa1b1b1000 	C:\WINDOWS\SYSTEM32\ntdll.dll
0x00007ffa18880000 - 0x00007ffa1892d000 	C:\WINDOWS\system32\KERNEL32.DLL
0x00007ffa17760000 - 0x00007ffa17948000 	C:\WINDOWS\system32\KERNELBASE.dll
0x00007ffa19ed0000 - 0x00007ffa19f77000 	C:\WINDOWS\system32\ADVAPI32.dll
0x00007ffa1ae00000 - 0x00007ffa1ae9d000 	C:\WINDOWS\system32\msvcrt.dll
0x00007ffa18510000 - 0x00007ffa1856b000 	C:\WINDOWS\system32\sechost.dll
0x00007ffa1a630000 - 0x00007ffa1a74c000 	C:\WINDOWS\system32\RPCRT4.dll
0x00007ffa18570000 - 0x00007ffa186c6000 	C:\WINDOWS\system32\USER32.dll
0x00007ffa1ab90000 - 0x00007ffa1ad16000 	C:\WINDOWS\system32\GDI32.dll
0x00007ffa13e20000 - 0x00007ffa14094000 	C:\WINDOWS\WinSxS\amd64_microsoft.windows.common-controls_6595b64144ccf1df_6.0.10586.0_none_8c15ae12515e1c22\COMCTL32.dll
0x00007ffa1a340000 - 0x00007ffa1a5bd000 	C:\WINDOWS\system32\combase.dll
0x00007ffa18010000 - 0x00007ffa1807a000 	C:\WINDOWS\system32\bcryptPrimitives.dll
0x00007ffa19e90000 - 0x00007ffa19ecb000 	C:\WINDOWS\system32\IMM32.DLL
0x00007ffa17500000 - 0x00007ffa17531000 	C:\Windows\system32\nvinitx.dll
0x00007ffa174f0000 - 0x00007ffa174fa000 	C:\WINDOWS\SYSTEM32\VERSION.dll
0x000000000f000000 - 0x000000000f006000 	C:\Program Files\NVIDIA Corporation\CoProcManager\_etoured.dll
0x00007ffa13dd0000 - 0x00007ffa13e02000 	C:\Program Files\NVIDIA Corporation\CoProcManager\nvd3d9wrapx.dll
0x00007ffa1a750000 - 0x00007ffa1ab79000 	C:\WINDOWS\system32\SETUPAPI.dll
0x00007ffa17fa0000 - 0x00007ffa17fe3000 	C:\WINDOWS\system32\CFGMGR32.dll
0x00007ffa13da0000 - 0x00007ffa13dc2000 	C:\Program Files\NVIDIA Corporation\CoProcManager\nvdxgiwrapx.dll
0x000000005d320000 - 0x000000005d3f2000 	C:\Program Files\Java\jdk1.8.0_51\jre\bin\msvcr100.dll
0x000000005d7d0000 - 0x000000005e053000 	C:\Program Files\Java\jdk1.8.0_51\jre\bin\server\jvm.dll
0x00007ffa1ab80000 - 0x00007ffa1ab88000 	C:\WINDOWS\system32\PSAPI.DLL
0x00007ffa15610000 - 0x00007ffa15633000 	C:\WINDOWS\SYSTEM32\WINMM.dll
0x00007ffa09cd0000 - 0x00007ffa09cd9000 	C:\WINDOWS\SYSTEM32\WSOCK32.dll
0x00007ffa19f80000 - 0x00007ffa19feb000 	C:\WINDOWS\system32\WS2_32.dll
0x00000000018a0000 - 0x00000000018cc000 	C:\WINDOWS\SYSTEM32\WINMMBASE.dll
0x000000005f150000 - 0x000000005f15f000 	C:\Program Files\Java\jdk1.8.0_51\jre\bin\verify.dll
0x000000005d7a0000 - 0x000000005d7c9000 	C:\Program Files\Java\jdk1.8.0_51\jre\bin\java.dll
0x000000005d780000 - 0x000000005d796000 	C:\Program Files\Java\jdk1.8.0_51\jre\bin\zip.dll
0x00007ffa18930000 - 0x00007ffa19e8c000 	C:\WINDOWS\system32\SHELL32.dll
0x00007ffa17950000 - 0x00007ffa17f94000 	C:\WINDOWS\system32\windows.storage.dll
0x00007ffa1a2e0000 - 0x00007ffa1a332000 	C:\WINDOWS\system32\shlwapi.dll
0x00007ffa17640000 - 0x00007ffa1764f000 	C:\WINDOWS\system32\kernel.appcore.dll
0x0000000007ca0000 - 0x0000000007d55000 	C:\WINDOWS\system32\shcore.dll
0x00007ffa17650000 - 0x00007ffa1769b000 	C:\WINDOWS\system32\powrprof.dll
0x00007ffa17610000 - 0x00007ffa17624000 	C:\WINDOWS\system32\profapi.dll
0x00007ffa08d70000 - 0x00007ffa08efc000 	C:\WINDOWS\SYSTEM32\dbghelp.dll

VM Arguments:
jvm_args: -Djava.awt.headless=true -Xmx1024M -Dfile.encoding=windows-1252 -Duser.country=US -Duser.language=en -Duser.variant 
java_command: com.android.dx.command.Main --dex --num-threads=4 --output C:\Users\abd17\Desktop\RssReaderm\app\build\intermediates\pre-dexed\debug\picasso-2.5.2_38f58314e79877bee816d60b4eafa5f671b0a7b1.jar C:\Users\abd17\.gradle\caches\modules-2\files-2.1\com.squareup.picasso\picasso\2.5.2\7446d06ec8d4f7ffcc53f1da37c95f200dcb9387\picasso-2.5.2.jar
java_class_path (initial): C:\Users\abd17\AppData\Local\Android\sdk\build-tools\23.0.2\lib\dx.jar
Launcher Type: SUN_STANDARD

Environment Variables:
JAVA_HOME=C:\Program Files\Java\jdk1.8.0_51
PATH=C:\Program Files\iis express\PHP\v7.0;C:\ProgramData\Oracle\Java\javapath;C:\WINDOWS\system32;C:\WINDOWS;C:\WINDOWS\System32\Wbem;C:\WINDOWS\System32\WindowsPowerShell\v1.0\;C:\Program Files (x86)\GtkSharp\2.12\bin;C:\Program Files (x86)\Microsoft SQL Server\100\Tools\Binn\;C:\Program Files\Microsoft SQL Server\100\Tools\Binn\;C:\Program Files\Microsoft SQL Server\100\DTS\Binn\;C:\Program Files (x86)\Microsoft SQL Server\100\Tools\Binn\VSShell\Common7\IDE\;C:\Program Files (x86)\Microsoft SQL Server\100\DTS\Binn\;C:\Program Files\Microsoft DNX\Dnvm\;C:\Program Files\Microsoft SQL Server\110\Tools\Binn\;C:\Program Files (x86)\Microsoft SDKs\TypeScript\1.0\;C:\Program Files\Microsoft SQL Server\120\Tools\Binn\;C:\Program Files\Microsoft SQL Server\Client SDK\ODBC\110\Tools\Binn\;C:\Program Files (x86)\Microsoft SQL Server\120\Tools\Binn\;C:\Program Files\Microsoft SQL Server\120\DTS\Binn\;C:\Program Files (x86)\Skype\Phone\;C:\Program Files\Microsoft SQL Server\130\Tools\Binn\;C:\Program Files (x86)\Windows Kits\10\Windows Performance Toolkit\;D:\apktool
USERNAME=abd17
OS=Windows_NT
PROCESSOR_IDENTIFIER=Intel64 Family 6 Model 58 Stepping 9, GenuineIntel



---------------  S Y S T E M  ---------------

OS: Windows 10.0 , 64 bit Build 10586 (10.0.10586.0)

CPU:total 4 (2 cores per cpu, 2 threads per core) family 6 model 58 stepping 9, cmov, cx8, fxsr, mmx, sse, sse2, sse3, ssse3, sse4.1, sse4.2, popcnt, avx, aes, clmul, erms, ht, tsc, tscinvbit, tscinv

Memory: 4k page, physical 4094312k(154356k free), swap 10610672k(76k free)

vm_info: Java HotSpot(TM) 64-Bit Server VM (25.51-b03) for windows-amd64 JRE (1.8.0_51-b16), built on Jun  8 2015 18:03:07 by "java_re" with MS VC++ 10.0 (VS2010)

time: Thu Jun 30 09:24:35 2016
elapsed time: 8 seconds (0d 0h 0m 8s)

